<?xml version="1.0" encoding="UTF-8"?>
<testsuite xmlns:xsi="http://www.w3.org/2001/XMLSchema-instance" xsi:schemaLocation="https://maven.apache.org/surefire/maven-surefire-plugin/xsd/surefire-test-report.xsd" name="com.karlmarxindustries.vending.service.ServiceLayerImplTestWithEmptyDao" time="2.988" tests="15" errors="10" skipped="0" failures="0">
  <properties>
[...]
</properties>
  <testcase name="testPurchaseItemQuantityZeroAndNotEnoughMoney" classname="com.karlmarxindustries.vending.service.ServiceLayerImplTestWithEmptyDao" time="0.024"/>
  <testcase name="testPurchaseItemCorrectChangeGivenTwelveQuarters" classname="com.karlmarxindustries.vending.service.ServiceLayerImplTestWithEmptyDao" time="0.021">
    <error type="java.lang.NullPointerException">java.lang.NullPointerException
	at com.karlmarxindustries.vending.service.ServiceLayerImplTestWithEmptyDao.testPurchaseItemCorrectChangeGivenTwelveQuarters(ServiceLayerImplTestWithEmptyDao.java:114)
</error>
    <system-err><![CDATA[Sep 09, 2019 7:07:28 AM org.springframework.context.support.ClassPathXmlApplicationContext prepareRefresh
INFO: Refreshing org.springframework.context.support.ClassPathXmlApplicationContext@5b218417: startup date [Mon Sep 09 07:07:28 EDT 2019]; root of context hierarchy
Sep 09, 2019 7:07:28 AM org.springframework.beans.factory.xml.XmlBeanDefinitionReader loadBeanDefinitions
INFO: Loading XML bean definitions from class path resource [testApplicationContext.xml]
]]></system-err>
  </testcase>
  <testcase name="testPurchaseItemCorrectChangeGivenOneOfEach" classname="com.karlmarxindustries.vending.service.ServiceLayerImplTestWithEmptyDao" time="0.002">
    <error type="java.lang.NullPointerException">java.lang.NullPointerException
	at com.karlmarxindustries.vending.service.ServiceLayerImplTestWithEmptyDao.testPurchaseItemCorrectChangeGivenOneOfEach(ServiceLayerImplTestWithEmptyDao.java:136)
</error>
    <system-err><![CDATA[Sep 09, 2019 7:07:28 AM org.springframework.context.support.ClassPathXmlApplicationContext prepareRefresh
INFO: Refreshing org.springframework.context.support.ClassPathXmlApplicationContext@5965d37: startup date [Mon Sep 09 07:07:28 EDT 2019]; root of context hierarchy
Sep 09, 2019 7:07:28 AM org.springframework.beans.factory.xml.XmlBeanDefinitionReader loadBeanDefinitions
INFO: Loading XML bean definitions from class path resource [testApplicationContext.xml]
]]></system-err>
  </testcase>
  <testcase name="testPurchaseItemNotEnoughMoney" classname="com.karlmarxindustries.vending.service.ServiceLayerImplTestWithEmptyDao" time="0.005">
    <error type="java.lang.NullPointerException">java.lang.NullPointerException
	at com.karlmarxindustries.vending.service.ServiceLayerImplTestWithEmptyDao.testPurchaseItemNotEnoughMoney(ServiceLayerImplTestWithEmptyDao.java:80)
</error>
    <system-err><![CDATA[Sep 09, 2019 7:07:28 AM org.springframework.context.support.ClassPathXmlApplicationContext prepareRefresh
INFO: Refreshing org.springframework.context.support.ClassPathXmlApplicationContext@624ea235: startup date [Mon Sep 09 07:07:28 EDT 2019]; root of context hierarchy
Sep 09, 2019 7:07:28 AM org.springframework.beans.factory.xml.XmlBeanDefinitionReader loadBeanDefinitions
INFO: Loading XML bean definitions from class path resource [testApplicationContext.xml]
]]></system-err>
  </testcase>
  <testcase name="testUpdateMoneyInside" classname="com.karlmarxindustries.vending.service.ServiceLayerImplTestWithEmptyDao" time="0.005"/>
  <testcase name="testGetOneItem" classname="com.karlmarxindustries.vending.service.ServiceLayerImplTestWithEmptyDao" time="0.001"/>
  <testcase name="testPurchaseItemCorrectChangeJustAPenny" classname="com.karlmarxindustries.vending.service.ServiceLayerImplTestWithEmptyDao" time="0.008">
    <error type="java.lang.NullPointerException">java.lang.NullPointerException
	at com.karlmarxindustries.vending.service.ServiceLayerImplTestWithEmptyDao.testPurchaseItemCorrectChangeJustAPenny(ServiceLayerImplTestWithEmptyDao.java:172)
</error>
    <system-err><![CDATA[Sep 09, 2019 7:07:28 AM org.springframework.context.support.ClassPathXmlApplicationContext prepareRefresh
INFO: Refreshing org.springframework.context.support.ClassPathXmlApplicationContext@6b0d80ed: startup date [Mon Sep 09 07:07:28 EDT 2019]; root of context hierarchy
Sep 09, 2019 7:07:28 AM org.springframework.beans.factory.xml.XmlBeanDefinitionReader loadBeanDefinitions
INFO: Loading XML bean definitions from class path resource [testApplicationContext.xml]
]]></system-err>
  </testcase>
  <testcase name="testPurchaseItemQuantity" classname="com.karlmarxindustries.vending.service.ServiceLayerImplTestWithEmptyDao" time="0.003">
    <error type="java.lang.NullPointerException">java.lang.NullPointerException
	at com.karlmarxindustries.vending.service.ServiceLayerImplTestWithEmptyDao.testPurchaseItemQuantity(ServiceLayerImplTestWithEmptyDao.java:70)
</error>
    <system-err><![CDATA[Sep 09, 2019 7:07:28 AM org.springframework.context.support.ClassPathXmlApplicationContext prepareRefresh
INFO: Refreshing org.springframework.context.support.ClassPathXmlApplicationContext@2cb2fc20: startup date [Mon Sep 09 07:07:28 EDT 2019]; root of context hierarchy
Sep 09, 2019 7:07:28 AM org.springframework.beans.factory.xml.XmlBeanDefinitionReader loadBeanDefinitions
INFO: Loading XML bean definitions from class path resource [testApplicationContext.xml]
]]></system-err>
  </testcase>
  <testcase name="testGetAllSnacksInStock" classname="com.karlmarxindustries.vending.service.ServiceLayerImplTestWithEmptyDao" time="0.002">
    <error type="java.lang.NullPointerException">java.lang.NullPointerException
	at com.karlmarxindustries.vending.service.ServiceLayerImplTestWithEmptyDao.testGetAllSnacksInStock(ServiceLayerImplTestWithEmptyDao.java:44)
</error>
    <system-err><![CDATA[Sep 09, 2019 7:07:28 AM org.springframework.context.support.ClassPathXmlApplicationContext prepareRefresh
INFO: Refreshing org.springframework.context.support.ClassPathXmlApplicationContext@26df6e3a: startup date [Mon Sep 09 07:07:28 EDT 2019]; root of context hierarchy
Sep 09, 2019 7:07:29 AM org.springframework.beans.factory.xml.XmlBeanDefinitionReader loadBeanDefinitions
INFO: Loading XML bean definitions from class path resource [testApplicationContext.xml]
]]></system-err>
  </testcase>
  <testcase name="testPurchaseItemCorrectChange10000Quarters" classname="com.karlmarxindustries.vending.service.ServiceLayerImplTestWithEmptyDao" time="0.01">
    <error type="java.lang.NullPointerException">java.lang.NullPointerException
	at com.karlmarxindustries.vending.service.ServiceLayerImplTestWithEmptyDao.testPurchaseItemCorrectChange10000Quarters(ServiceLayerImplTestWithEmptyDao.java:161)
</error>
    <system-err><![CDATA[Sep 09, 2019 7:07:29 AM org.springframework.context.support.ClassPathXmlApplicationContext prepareRefresh
INFO: Refreshing org.springframework.context.support.ClassPathXmlApplicationContext@7ef27d7f: startup date [Mon Sep 09 07:07:29 EDT 2019]; root of context hierarchy
Sep 09, 2019 7:07:29 AM org.springframework.beans.factory.xml.XmlBeanDefinitionReader loadBeanDefinitions
INFO: Loading XML bean definitions from class path resource [testApplicationContext.xml]
]]></system-err>
  </testcase>
  <testcase name="testAddToMoney" classname="com.karlmarxindustries.vending.service.ServiceLayerImplTestWithEmptyDao" time="0.011"/>
  <testcase name="testPurchaseItemQuantityZero" classname="com.karlmarxindustries.vending.service.ServiceLayerImplTestWithEmptyDao" time="0.002">
    <error type="java.lang.NullPointerException">java.lang.NullPointerException
	at com.karlmarxindustries.vending.service.ServiceLayerImplTestWithEmptyDao.testPurchaseItemQuantityZero(ServiceLayerImplTestWithEmptyDao.java:93)
</error>
    <system-err><![CDATA[Sep 09, 2019 7:07:29 AM org.springframework.context.support.ClassPathXmlApplicationContext prepareRefresh
INFO: Refreshing org.springframework.context.support.ClassPathXmlApplicationContext@20c0a64d: startup date [Mon Sep 09 07:07:29 EDT 2019]; root of context hierarchy
Sep 09, 2019 7:07:29 AM org.springframework.beans.factory.xml.XmlBeanDefinitionReader loadBeanDefinitions
INFO: Loading XML bean definitions from class path resource [testApplicationContext.xml]
]]></system-err>
  </testcase>
  <testcase name="testPurchaseItemCorrectChangeGivenInsuffFunds" classname="com.karlmarxindustries.vending.service.ServiceLayerImplTestWithEmptyDao" time="0.008">
    <error type="java.lang.NullPointerException">java.lang.NullPointerException
	at com.karlmarxindustries.vending.service.ServiceLayerImplTestWithEmptyDao.testPurchaseItemCorrectChangeGivenInsuffFunds(ServiceLayerImplTestWithEmptyDao.java:150)
</error>
    <system-err><![CDATA[Sep 09, 2019 7:07:29 AM org.springframework.context.support.ClassPathXmlApplicationContext prepareRefresh
INFO: Refreshing org.springframework.context.support.ClassPathXmlApplicationContext@7d446ed1: startup date [Mon Sep 09 07:07:29 EDT 2019]; root of context hierarchy
Sep 09, 2019 7:07:29 AM org.springframework.beans.factory.xml.XmlBeanDefinitionReader loadBeanDefinitions
INFO: Loading XML bean definitions from class path resource [testApplicationContext.xml]
]]></system-err>
  </testcase>
  <testcase name="testPurchaseItemCorrectChangeGivenֵNoChange" classname="com.karlmarxindustries.vending.service.ServiceLayerImplTestWithEmptyDao" time="0.003">
    <error type="java.lang.NullPointerException">java.lang.NullPointerException
	at com.karlmarxindustries.vending.service.ServiceLayerImplTestWithEmptyDao.testPurchaseItemCorrectChangeGivenֵNoChange(ServiceLayerImplTestWithEmptyDao.java:125)
</error>
    <system-err><![CDATA[Sep 09, 2019 7:07:29 AM org.springframework.context.support.ClassPathXmlApplicationContext prepareRefresh
INFO: Refreshing org.springframework.context.support.ClassPathXmlApplicationContext@78641d23: startup date [Mon Sep 09 07:07:29 EDT 2019]; root of context hierarchy
Sep 09, 2019 7:07:29 AM org.springframework.beans.factory.xml.XmlBeanDefinitionReader loadBeanDefinitions
INFO: Loading XML bean definitions from class path resource [testApplicationContext.xml]
]]></system-err>
  </testcase>
  <testcase name="testDeductPriceFromBalance" classname="com.karlmarxindustries.vending.service.ServiceLayerImplTestWithEmptyDao" time="0.001"/>
</testsuite>