<?xml version="1.0" encoding="UTF-8"?>
<testsuite xmlns:xsi="http://www.w3.org/2001/XMLSchema-instance" xsi:noNamespaceSchemaLocation="https://maven.apache.org/surefire/maven-surefire-plugin/xsd/surefire-test-report.xsd" name="com.karlmarxindustries.vending.dao.VendingDaoFileImplTest" time="0.287" tests="9" errors="0" skipped="0" failures="0">
  <properties>
[...]
</properties>
  <testcase name="testMarshallSnack" classname="com.karlmarxindustries.vending.dao.VendingDaoFileImplTest" time="0.072"/>
  <testcase name="testGetAllSnacksAfterRemovingGottenSnack" classname="com.karlmarxindustries.vending.dao.VendingDaoFileImplTest" time="0.01"/>
  <testcase name="testGetSnack" classname="com.karlmarxindustries.vending.dao.VendingDaoFileImplTest" time="0.008"/>
  <testcase name="testGetAllSnacksWithoutInventory" classname="com.karlmarxindustries.vending.dao.VendingDaoFileImplTest" time="0.002"/>
  <testcase name="testGetAllSnacksWithInventory" classname="com.karlmarxindustries.vending.dao.VendingDaoFileImplTest" time="0.007"/>
  <testcase name="testUnmarshallSnack" classname="com.karlmarxindustries.vending.dao.VendingDaoFileImplTest" time="0.001"/>
  <testcase name="testMarshallAndUnmarshall" classname="com.karlmarxindustries.vending.dao.VendingDaoFileImplTest" time="0.003"/>
  <testcase name="testGetSnackInvalidSlot" classname="com.karlmarxindustries.vending.dao.VendingDaoFileImplTest" time="0.002"/>
  <testcase name="testFilePersistenceGetAll" classname="com.karlmarxindustries.vending.dao.VendingDaoFileImplTest" time="0.046"/>
</testsuite>